<testsuites id="" name="" tests="250" failures="250" skipped="0" errors="0" time="3074.024058">
<testsuite name="customer-use-cases.spec.ts" timestamp="2026-01-05T01:09:17.882Z" hostname="chromium" tests="34" failures="34" skipped="0" time="1994.598" errors="0">
<testcase name="Navigation &amp; Access Control › User sees only subscribed services in navigation" classname="customer-use-cases.spec.ts" time="54.077">
<failure message="customer-use-cases.spec.ts:84:7 User sees only subscribed services in navigation" type="FAILURE">
<![CDATA[  [chromium] › customer-use-cases.spec.ts:84:7 › Navigation & Access Control › User sees only subscribed services in navigation 

    Test timeout of 30000ms exceeded.

    Error: page.goto: Test timeout of 30000ms exceeded.
    Call log:
      - navigating to "http://localhost:3001/dashboard", waiting until "load"


      84 |   test('User sees only subscribed services in navigation', async ({ page }) => {
      85 |     await mockSubscription(page, mockSubscriptions.partialServices);
    > 86 |     await page.goto(`${BASE_URL}/dashboard`);
         |                ^
      87 |     
      88 |     // Should see INTAKE and SETTLE
      89 |     await expect(page.locator('text=Intake & Leads')).toBeVisible();
        at C:\Users\yasha\OneDrive\Documents\TrueVow\Cursor\Truevow-Customer-Portal\tests\e2e\customer-use-cases.spec.ts:86:16

    attachment #1: video (video/webm) ──────────────────────────────────────────────────────────────
    ..\..\test-results\customer-use-cases-Navigat-019d1-ibed-services-in-navigation-chromium\video.webm
    ────────────────────────────────────────────────────────────────────────────────────────────────
]]>
</failure>
<system-out>
<![CDATA[
[[ATTACHMENT|..\..\test-results\customer-use-cases-Navigat-019d1-ibed-services-in-navigation-chromium\video.webm]]
]]>
</system-out>
</testcase>
<testcase name="Navigation &amp; Access Control › User redirected to upgrade when accessing unsubscribed service" classname="customer-use-cases.spec.ts" time="52.697">
<failure message="customer-use-cases.spec.ts:104:7 User redirected to upgrade when accessing unsubscribed service" type="FAILURE">
<![CDATA[  [chromium] › customer-use-cases.spec.ts:104:7 › Navigation & Access Control › User redirected to upgrade when accessing unsubscribed service 

    Test timeout of 30000ms exceeded.

    Error: page.goto: Test timeout of 30000ms exceeded.
    Call log:
      - navigating to "http://localhost:3001/dashboard/settle", waiting until "load"


      106 |     
      107 |     // Try to access SETTLE without subscription
    > 108 |     await page.goto(`${BASE_URL}/dashboard/settle`);
          |                ^
      109 |     
      110 |     // Should see upgrade prompt
      111 |     await expect(page.locator('text=Upgrade to SETTLE')).toBeVisible();
        at C:\Users\yasha\OneDrive\Documents\TrueVow\Cursor\Truevow-Customer-Portal\tests\e2e\customer-use-cases.spec.ts:108:16

    attachment #1: video (video/webm) ──────────────────────────────────────────────────────────────
    ..\..\test-results\customer-use-cases-Navigat-467dc-essing-unsubscribed-service-chromium\video.webm
    ────────────────────────────────────────────────────────────────────────────────────────────────
]]>
</failure>
<system-out>
<![CDATA[
[[ATTACHMENT|..\..\test-results\customer-use-cases-Navigat-467dc-essing-unsubscribed-service-chromium\video.webm]]
]]>
</system-out>
</testcase>
<testcase name="Navigation &amp; Access Control › User can navigate between all pages" classname="customer-use-cases.spec.ts" time="53.046">
<failure message="customer-use-cases.spec.ts:119:7 User can navigate between all pages" type="FAILURE">
<![CDATA[  [chromium] › customer-use-cases.spec.ts:119:7 › Navigation & Access Control › User can navigate between all pages 

    Test timeout of 30000ms exceeded.

    Error: page.goto: Test timeout of 30000ms exceeded.
    Call log:
      - navigating to "http://localhost:3001/dashboard", waiting until "load"


      119 |   test('User can navigate between all pages', async ({ page }) => {
      120 |     await mockSubscription(page, mockSubscriptions.allServices);
    > 121 |     await page.goto(`${BASE_URL}/dashboard`);
          |                ^
      122 |     
      123 |     // Test navigation to each service
      124 |     const navItems = [
        at C:\Users\yasha\OneDrive\Documents\TrueVow\Cursor\Truevow-Customer-Portal\tests\e2e\customer-use-cases.spec.ts:121:16

    attachment #1: video (video/webm) ──────────────────────────────────────────────────────────────
    ..\..\test-results\customer-use-cases-Navigat-939f4--navigate-between-all-pages-chromium\video.webm
    ────────────────────────────────────────────────────────────────────────────────────────────────
]]>
</failure>
<system-out>
<![CDATA[
[[ATTACHMENT|..\..\test-results\customer-use-cases-Navigat-939f4--navigate-between-all-pages-chromium\video.webm]]
]]>
</system-out>
</testcase>
<testcase name="Team Management › User can view team members" classname="customer-use-cases.spec.ts" time="53.532">
<failure message="customer-use-cases.spec.ts:150:7 User can view team members" type="FAILURE">
<![CDATA[  [chromium] › customer-use-cases.spec.ts:150:7 › Team Management › User can view team members ─────

    Test timeout of 30000ms exceeded.

    Error: page.goto: Test timeout of 30000ms exceeded.
    Call log:
      - navigating to "http://localhost:3001/dashboard/team", waiting until "load"


      150 |   test('User can view team members', async ({ page }) => {
      151 |     await mockSubscription(page, mockSubscriptions.allServices);
    > 152 |     await page.goto(`${BASE_URL}/dashboard/team`);
          |                ^
      153 |     
      154 |     // Should see team members list
      155 |     await expect(page.locator('text=Team Management')).toBeVisible();
        at C:\Users\yasha\OneDrive\Documents\TrueVow\Cursor\Truevow-Customer-Portal\tests\e2e\customer-use-cases.spec.ts:152:16

    attachment #1: video (video/webm) ──────────────────────────────────────────────────────────────
    ..\..\test-results\customer-use-cases-Team-Ma-9ccec--User-can-view-team-members-chromium\video.webm
    ────────────────────────────────────────────────────────────────────────────────────────────────
]]>
</failure>
<system-out>
<![CDATA[
[[ATTACHMENT|..\..\test-results\customer-use-cases-Team-Ma-9ccec--User-can-view-team-members-chromium\video.webm]]
]]>
</system-out>
</testcase>
<testcase name="Team Management › User can invite new team member" classname="customer-use-cases.spec.ts" time="52.646">
<failure message="customer-use-cases.spec.ts:162:7 User can invite new team member" type="FAILURE">
<![CDATA[  [chromium] › customer-use-cases.spec.ts:162:7 › Team Management › User can invite new team member 

    Test timeout of 30000ms exceeded.

    Error: page.goto: Test timeout of 30000ms exceeded.
    Call log:
      - navigating to "http://localhost:3001/dashboard/team", waiting until "load"


      162 |   test('User can invite new team member', async ({ page }) => {
      163 |     await mockSubscription(page, mockSubscriptions.allServices);
    > 164 |     await page.goto(`${BASE_URL}/dashboard/team`);
          |                ^
      165 |     
      166 |     // Click invite button
      167 |     await page.click('text=Invite Member');
        at C:\Users\yasha\OneDrive\Documents\TrueVow\Cursor\Truevow-Customer-Portal\tests\e2e\customer-use-cases.spec.ts:164:16

    attachment #1: video (video/webm) ──────────────────────────────────────────────────────────────
    ..\..\test-results\customer-use-cases-Team-Ma-a1436--can-invite-new-team-member-chromium\video.webm
    ────────────────────────────────────────────────────────────────────────────────────────────────
]]>
</failure>
<system-out>
<![CDATA[
[[ATTACHMENT|..\..\test-results\customer-use-cases-Team-Ma-a1436--can-invite-new-team-member-chromium\video.webm]]
]]>
</system-out>
</testcase>
<testcase name="Team Management › User cannot invite without selecting services" classname="customer-use-cases.spec.ts" time="53.342">
<failure message="customer-use-cases.spec.ts:186:7 User cannot invite without selecting services" type="FAILURE">
<![CDATA[  [chromium] › customer-use-cases.spec.ts:186:7 › Team Management › User cannot invite without selecting services 

    Test timeout of 30000ms exceeded.

    Error: page.goto: Test timeout of 30000ms exceeded.
    Call log:
      - navigating to "http://localhost:3001/dashboard/team/invite", waiting until "load"


      186 |   test('User cannot invite without selecting services', async ({ page }) => {
      187 |     await mockSubscription(page, mockSubscriptions.allServices);
    > 188 |     await page.goto(`${BASE_URL}/dashboard/team/invite`);
          |                ^
      189 |     
      190 |     // Fill form but don't select services
      191 |     await page.fill('input[type="email"]', 'new.member@lawfirm.com');
        at C:\Users\yasha\OneDrive\Documents\TrueVow\Cursor\Truevow-Customer-Portal\tests\e2e\customer-use-cases.spec.ts:188:16

    attachment #1: video (video/webm) ──────────────────────────────────────────────────────────────
    ..\..\test-results\customer-use-cases-Team-Ma-7d8be--without-selecting-services-chromium\video.webm
    ────────────────────────────────────────────────────────────────────────────────────────────────
]]>
</failure>
<system-out>
<![CDATA[
[[ATTACHMENT|..\..\test-results\customer-use-cases-Team-Ma-7d8be--without-selecting-services-chromium\video.webm]]
]]>
</system-out>
</testcase>
<testcase name="Team Management › User can edit team member service access" classname="customer-use-cases.spec.ts" time="60.038">
<failure message="customer-use-cases.spec.ts:202:7 User can edit team member service access" type="FAILURE">
<![CDATA[  [chromium] › customer-use-cases.spec.ts:202:7 › Team Management › User can edit team member service access 

    Test timeout of 30000ms exceeded.

    Error: page.goto: Test timeout of 30000ms exceeded.
    Call log:
      - navigating to "http://localhost:3001/dashboard/team", waiting until "load"


      202 |   test('User can edit team member service access', async ({ page }) => {
      203 |     await mockSubscription(page, mockSubscriptions.allServices);
    > 204 |     await page.goto(`${BASE_URL}/dashboard/team`);
          |                ^
      205 |     
      206 |     // Click edit button on first team member
      207 |     const editButtons = page.locator('text=Edit');
        at C:\Users\yasha\OneDrive\Documents\TrueVow\Cursor\Truevow-Customer-Portal\tests\e2e\customer-use-cases.spec.ts:204:16

    Tearing down "context" exceeded the test timeout of 30000ms.
]]>
</failure>
</testcase>
<testcase name="Notifications &amp; Messages › User can view notifications" classname="customer-use-cases.spec.ts" time="60.015">
<failure message="customer-use-cases.spec.ts:221:7 User can view notifications" type="FAILURE">
<![CDATA[  [chromium] › customer-use-cases.spec.ts:221:7 › Notifications & Messages › User can view notifications 

    Test timeout of 30000ms exceeded.

    Error: page.goto: Test timeout of 30000ms exceeded.
    Call log:
      - navigating to "http://localhost:3001/dashboard/notifications", waiting until "load"


      220 | test.describe('Notifications & Messages', () => {
      221 |   test('User can view notifications', async ({ page }) => {
    > 222 |     await page.goto(`${BASE_URL}/dashboard/notifications`);
          |                ^
      223 |     
      224 |     // Should see notifications page
      225 |     await expect(page.locator('text=Notifications')).toBeVisible();
        at C:\Users\yasha\OneDrive\Documents\TrueVow\Cursor\Truevow-Customer-Portal\tests\e2e\customer-use-cases.spec.ts:222:16

    Tearing down "context" exceeded the test timeout of 30000ms.
]]>
</failure>
</testcase>
<testcase name="Notifications &amp; Messages › User can mark notifications as read" classname="customer-use-cases.spec.ts" time="60.009">
<failure message="customer-use-cases.spec.ts:233:7 User can mark notifications as read" type="FAILURE">
<![CDATA[  [chromium] › customer-use-cases.spec.ts:233:7 › Notifications & Messages › User can mark notifications as read 

    Test timeout of 30000ms exceeded.

    Error: page.goto: Test timeout of 30000ms exceeded.
    Call log:
      - navigating to "http://localhost:3001/dashboard/notifications", waiting until "load"


      232 |
      233 |   test('User can mark notifications as read', async ({ page }) => {
    > 234 |     await page.goto(`${BASE_URL}/dashboard/notifications`);
          |                ^
      235 |     
      236 |     // Click mark all read
      237 |     await page.click('text=Mark All Read');
        at C:\Users\yasha\OneDrive\Documents\TrueVow\Cursor\Truevow-Customer-Portal\tests\e2e\customer-use-cases.spec.ts:234:16

    Tearing down "context" exceeded the test timeout of 30000ms.
]]>
</failure>
</testcase>
<testcase name="Notifications &amp; Messages › User can click notification action links" classname="customer-use-cases.spec.ts" time="60.041">
<failure message="customer-use-cases.spec.ts:243:7 User can click notification action links" type="FAILURE">
<![CDATA[  [chromium] › customer-use-cases.spec.ts:243:7 › Notifications & Messages › User can click notification action links 

    Test timeout of 30000ms exceeded.

    Error: page.goto: Test timeout of 30000ms exceeded.
    Call log:
      - navigating to "http://localhost:3001/dashboard/notifications", waiting until "load"


      242 |
      243 |   test('User can click notification action links', async ({ page }) => {
    > 244 |     await page.goto(`${BASE_URL}/dashboard/notifications`);
          |                ^
      245 |     
      246 |     // Find a notification with action link
      247 |     const actionLinks = page.locator('text=View Details');
        at C:\Users\yasha\OneDrive\Documents\TrueVow\Cursor\Truevow-Customer-Portal\tests\e2e\customer-use-cases.spec.ts:244:16

    Tearing down "context" exceeded the test timeout of 30000ms.
]]>
</failure>
</testcase>
<testcase name="Notifications &amp; Messages › User can view messages inbox" classname="customer-use-cases.spec.ts" time="60.021">
<failure message="customer-use-cases.spec.ts:255:7 User can view messages inbox" type="FAILURE">
<![CDATA[  [chromium] › customer-use-cases.spec.ts:255:7 › Notifications & Messages › User can view messages inbox 

    Test timeout of 30000ms exceeded.

    Error: page.goto: Test timeout of 30000ms exceeded.
    Call log:
      - navigating to "http://localhost:3001/dashboard/notifications", waiting until "load"


      254 |
      255 |   test('User can view messages inbox', async ({ page }) => {
    > 256 |     await page.goto(`${BASE_URL}/dashboard/notifications`);
          |                ^
      257 |     
      258 |     // Scroll to messages section
      259 |     await page.locator('text=Messages').scrollIntoViewIfNeeded();
        at C:\Users\yasha\OneDrive\Documents\TrueVow\Cursor\Truevow-Customer-Portal\tests\e2e\customer-use-cases.spec.ts:256:16

    Tearing down "context" exceeded the test timeout of 30000ms.
]]>
</failure>
</testcase>
<testcase name="Settings &amp; Profile Management › User can view settings page" classname="customer-use-cases.spec.ts" time="53.214">
<failure message="customer-use-cases.spec.ts:269:7 User can view settings page" type="FAILURE">
<![CDATA[  [chromium] › customer-use-cases.spec.ts:269:7 › Settings & Profile Management › User can view settings page 

    Test timeout of 30000ms exceeded.

    Error: page.goto: Test timeout of 30000ms exceeded.
    Call log:
      - navigating to "http://localhost:3001/dashboard/settings", waiting until "load"


      268 | test.describe('Settings & Profile Management', () => {
      269 |   test('User can view settings page', async ({ page }) => {
    > 270 |     await page.goto(`${BASE_URL}/dashboard/settings`);
          |                ^
      271 |     
      272 |     // Should see all settings sections
      273 |     await expect(page.locator('text=Profile')).toBeVisible();
        at C:\Users\yasha\OneDrive\Documents\TrueVow\Cursor\Truevow-Customer-Portal\tests\e2e\customer-use-cases.spec.ts:270:16

    attachment #1: screenshot (image/png) ──────────────────────────────────────────────────────────
    ..\..\test-results\customer-use-cases-Setting-b7e34-User-can-view-settings-page-chromium\test-failed-1.png
    ────────────────────────────────────────────────────────────────────────────────────────────────

    attachment #2: video (video/webm) ──────────────────────────────────────────────────────────────
    ..\..\test-results\customer-use-cases-Setting-b7e34-User-can-view-settings-page-chromium\video.webm
    ────────────────────────────────────────────────────────────────────────────────────────────────
]]>
</failure>
<system-out>
<![CDATA[
[[ATTACHMENT|..\..\test-results\customer-use-cases-Setting-b7e34-User-can-view-settings-page-chromium\test-failed-1.png]]

[[ATTACHMENT|..\..\test-results\customer-use-cases-Setting-b7e34-User-can-view-settings-page-chromium\video.webm]]
]]>
</system-out>
</testcase>
<testcase name="Settings &amp; Profile Management › User can update profile information" classname="customer-use-cases.spec.ts" time="60.013">
<failure message="customer-use-cases.spec.ts:281:7 User can update profile information" type="FAILURE">
<![CDATA[  [chromium] › customer-use-cases.spec.ts:281:7 › Settings & Profile Management › User can update profile information 

    Test timeout of 30000ms exceeded.

    Error: page.goto: net::ERR_ABORTED; maybe frame was detached?
    Call log:
      - navigating to "http://localhost:3001/dashboard/settings", waiting until "load"


      280 |
      281 |   test('User can update profile information', async ({ page }) => {
    > 282 |     await page.goto(`${BASE_URL}/dashboard/settings`);
          |                ^
      283 |     
      284 |     // Update name
      285 |     const nameInput = page.locator('input[type="text"]').first();
        at C:\Users\yasha\OneDrive\Documents\TrueVow\Cursor\Truevow-Customer-Portal\tests\e2e\customer-use-cases.spec.ts:282:16

    Tearing down "context" exceeded the test timeout of 30000ms.
]]>
</failure>
</testcase>
<testcase name="Settings &amp; Profile Management › User can change password" classname="customer-use-cases.spec.ts" time="60.03">
<failure message="customer-use-cases.spec.ts:304:7 User can change password" type="FAILURE">
<![CDATA[  [chromium] › customer-use-cases.spec.ts:304:7 › Settings & Profile Management › User can change password 

    Test timeout of 30000ms exceeded.

    Error: page.goto: net::ERR_ABORTED; maybe frame was detached?
    Call log:
      - navigating to "http://localhost:3001/dashboard/settings", waiting until "load"


      303 |
      304 |   test('User can change password', async ({ page }) => {
    > 305 |     await page.goto(`${BASE_URL}/dashboard/settings`);
          |                ^
      306 |     
      307 |     // Scroll to security section
      308 |     await page.locator('text=Security').scrollIntoViewIfNeeded();
        at C:\Users\yasha\OneDrive\Documents\TrueVow\Cursor\Truevow-Customer-Portal\tests\e2e\customer-use-cases.spec.ts:305:16

    Tearing down "context" exceeded the test timeout of 30000ms.
]]>
</failure>
</testcase>
<testcase name="Settings &amp; Profile Management › User can access forgot password page" classname="customer-use-cases.spec.ts" time="60.016">
<failure message="customer-use-cases.spec.ts:324:7 User can access forgot password page" type="FAILURE">
<![CDATA[  [chromium] › customer-use-cases.spec.ts:324:7 › Settings & Profile Management › User can access forgot password page 

    Test timeout of 30000ms exceeded.

    Error: page.goto: net::ERR_ABORTED; maybe frame was detached?
    Call log:
      - navigating to "http://localhost:3001/forgot-password", waiting until "load"


      323 |
      324 |   test('User can access forgot password page', async ({ page }) => {
    > 325 |     await page.goto(`${BASE_URL}/forgot-password`);
          |                ^
      326 |     
      327 |     // Should see forgot password form
      328 |     await expect(page.locator('text=Forgot Password?')).toBeVisible();
        at C:\Users\yasha\OneDrive\Documents\TrueVow\Cursor\Truevow-Customer-Portal\tests\e2e\customer-use-cases.spec.ts:325:16

    Tearing down "context" exceeded the test timeout of 30000ms.
]]>
</failure>
</testcase>
<testcase name="Settings &amp; Profile Management › User can request password reset" classname="customer-use-cases.spec.ts" time="60.006">
<failure message="customer-use-cases.spec.ts:333:7 User can request password reset" type="FAILURE">
<![CDATA[  [chromium] › customer-use-cases.spec.ts:333:7 › Settings & Profile Management › User can request password reset 

    Test timeout of 30000ms exceeded.

    Error: page.goto: net::ERR_ABORTED; maybe frame was detached?
    Call log:
      - navigating to "http://localhost:3001/forgot-password", waiting until "load"


      332 |
      333 |   test('User can request password reset', async ({ page }) => {
    > 334 |     await page.goto(`${BASE_URL}/forgot-password`);
          |                ^
      335 |     
      336 |     // Enter email
      337 |     await page.fill('input[type="email"]', 'user@lawfirm.com');
        at C:\Users\yasha\OneDrive\Documents\TrueVow\Cursor\Truevow-Customer-Portal\tests\e2e\customer-use-cases.spec.ts:334:16

    Tearing down "context" exceeded the test timeout of 30000ms.
]]>
</failure>
</testcase>
<testcase name="Settings &amp; Profile Management › User can update notification preferences" classname="customer-use-cases.spec.ts" time="60.06">
<failure message="customer-use-cases.spec.ts:347:7 User can update notification preferences" type="FAILURE">
<![CDATA[  [chromium] › customer-use-cases.spec.ts:347:7 › Settings & Profile Management › User can update notification preferences 

    Test timeout of 30000ms exceeded.

    Error: page.goto: net::ERR_ABORTED; maybe frame was detached?
    Call log:
      - navigating to "http://localhost:3001/dashboard/settings", waiting until "load"


      346 |
      347 |   test('User can update notification preferences', async ({ page }) => {
    > 348 |     await page.goto(`${BASE_URL}/dashboard/settings`);
          |                ^
      349 |     
      350 |     // Scroll to notifications section
      351 |     await page.locator('text=Notifications').last().scrollIntoViewIfNeeded();
        at C:\Users\yasha\OneDrive\Documents\TrueVow\Cursor\Truevow-Customer-Portal\tests\e2e\customer-use-cases.spec.ts:348:16

    Tearing down "context" exceeded the test timeout of 30000ms.
]]>
</failure>
</testcase>
<testcase name="Settings &amp; Profile Management › User can update firm information" classname="customer-use-cases.spec.ts" time="60.065">
<failure message="customer-use-cases.spec.ts:366:7 User can update firm information" type="FAILURE">
<![CDATA[  [chromium] › customer-use-cases.spec.ts:366:7 › Settings & Profile Management › User can update firm information 

    Test timeout of 30000ms exceeded.

    Error: page.goto: net::ERR_ABORTED; maybe frame was detached?
    Call log:
      - navigating to "http://localhost:3001/dashboard/settings", waiting until "load"


      365 |
      366 |   test('User can update firm information', async ({ page }) => {
    > 367 |     await page.goto(`${BASE_URL}/dashboard/settings`);
          |                ^
      368 |     
      369 |     // Scroll to firm information section
      370 |     await page.locator('text=Firm Information').scrollIntoViewIfNeeded();
        at C:\Users\yasha\OneDrive\Documents\TrueVow\Cursor\Truevow-Customer-Portal\tests\e2e\customer-use-cases.spec.ts:367:16

    Tearing down "context" exceeded the test timeout of 30000ms.
]]>
</failure>
</testcase>
<testcase name="Billing &amp; Subscriptions › User can view billing page" classname="customer-use-cases.spec.ts" time="60.206">
<failure message="customer-use-cases.spec.ts:389:7 User can view billing page" type="FAILURE">
<![CDATA[  [chromium] › customer-use-cases.spec.ts:389:7 › Billing & Subscriptions › User can view billing page 

    Test timeout of 30000ms exceeded.

    Error: page.goto: net::ERR_ABORTED; maybe frame was detached?
    Call log:
      - navigating to "http://localhost:3001/dashboard/billing", waiting until "load"


      389 |   test('User can view billing page', async ({ page }) => {
      390 |     await mockSubscription(page, mockSubscriptions.allServices);
    > 391 |     await page.goto(`${BASE_URL}/dashboard/billing`);
          |                ^
      392 |     
      393 |     // Should see billing page
      394 |     await expect(page.locator('text=Billing & Usage')).toBeVisible();
        at C:\Users\yasha\OneDrive\Documents\TrueVow\Cursor\Truevow-Customer-Portal\tests\e2e\customer-use-cases.spec.ts:391:16

    Tearing down "context" exceeded the test timeout of 30000ms.
]]>
</failure>
</testcase>
<testcase name="Billing &amp; Subscriptions › User can see service subscription status" classname="customer-use-cases.spec.ts" time="60.017">
<failure message="customer-use-cases.spec.ts:399:7 User can see service subscription status" type="FAILURE">
<![CDATA[  [chromium] › customer-use-cases.spec.ts:399:7 › Billing & Subscriptions › User can see service subscription status 

    Test timeout of 30000ms exceeded.

    Error: page.goto: net::ERR_ABORTED; maybe frame was detached?
    Call log:
      - navigating to "http://localhost:3001/dashboard/billing", waiting until "load"


      399 |   test('User can see service subscription status', async ({ page }) => {
      400 |     await mockSubscription(page, mockSubscriptions.allServices);
    > 401 |     await page.goto(`${BASE_URL}/dashboard/billing`);
          |                ^
      402 |     
      403 |     // Should see all services with status
      404 |     await expect(page.locator('text=INTAKE')).toBeVisible();
        at C:\Users\yasha\OneDrive\Documents\TrueVow\Cursor\Truevow-Customer-Portal\tests\e2e\customer-use-cases.spec.ts:401:16

    Tearing down "context" exceeded the test timeout of 30000ms.
]]>
</failure>
</testcase>
<testcase name="Billing &amp; Subscriptions › User can see inactive services with subscribe button" classname="customer-use-cases.spec.ts" time="60.161">
<failure message="customer-use-cases.spec.ts:411:7 User can see inactive services with subscribe button" type="FAILURE">
<![CDATA[  [chromium] › customer-use-cases.spec.ts:411:7 › Billing & Subscriptions › User can see inactive services with subscribe button 

    Test timeout of 30000ms exceeded.

    Error: page.goto: net::ERR_ABORTED; maybe frame was detached?
    Call log:
      - navigating to "http://localhost:3001/dashboard/billing", waiting until "load"


      411 |   test('User can see inactive services with subscribe button', async ({ page }) => {
      412 |     await mockSubscription(page, mockSubscriptions.partialServices);
    > 413 |     await page.goto(`${BASE_URL}/dashboard/billing`);
          |                ^
      414 |     
      415 |     // Inactive services should show subscribe button
      416 |     const subscribeButtons = page.locator('text=Subscribe');
        at C:\Users\yasha\OneDrive\Documents\TrueVow\Cursor\Truevow-Customer-Portal\tests\e2e\customer-use-cases.spec.ts:413:16

    Tearing down "context" exceeded the test timeout of 30000ms.
]]>
</failure>
</testcase>
<testcase name="SETTLE Service › User can access SETTLE dashboard when subscribed" classname="customer-use-cases.spec.ts" time="60.198">
<failure message="customer-use-cases.spec.ts:426:7 User can access SETTLE dashboard when subscribed" type="FAILURE">
<![CDATA[  [chromium] › customer-use-cases.spec.ts:426:7 › SETTLE Service › User can access SETTLE dashboard when subscribed 

    Test timeout of 30000ms exceeded.

    Error: page.goto: net::ERR_ABORTED; maybe frame was detached?
    Call log:
      - navigating to "http://localhost:3001/dashboard/settle", waiting until "load"


      426 |   test('User can access SETTLE dashboard when subscribed', async ({ page }) => {
      427 |     await mockSubscription(page, { ...mockSubscriptions.noServices, settle: true });
    > 428 |     await page.goto(`${BASE_URL}/dashboard/settle`);
          |                ^
      429 |     
      430 |     // Should see SETTLE dashboard
      431 |     await expect(page.locator('text=SETTLE')).toBeVisible();
        at C:\Users\yasha\OneDrive\Documents\TrueVow\Cursor\Truevow-Customer-Portal\tests\e2e\customer-use-cases.spec.ts:428:16

    Tearing down "context" exceeded the test timeout of 30000ms.
]]>
</failure>
</testcase>
<testcase name="SETTLE Service › User sees upgrade prompt when not subscribed to SETTLE" classname="customer-use-cases.spec.ts" time="60.056">
<failure message="customer-use-cases.spec.ts:436:7 User sees upgrade prompt when not subscribed to SETTLE" type="FAILURE">
<![CDATA[  [chromium] › customer-use-cases.spec.ts:436:7 › SETTLE Service › User sees upgrade prompt when not subscribed to SETTLE 

    Test timeout of 30000ms exceeded.

    Error: page.goto: net::ERR_ABORTED; maybe frame was detached?
    Call log:
      - navigating to "http://localhost:3001/dashboard/settle", waiting until "load"


      436 |   test('User sees upgrade prompt when not subscribed to SETTLE', async ({ page }) => {
      437 |     await mockSubscription(page, mockSubscriptions.noServices);
    > 438 |     await page.goto(`${BASE_URL}/dashboard/settle`);
          |                ^
      439 |     
      440 |     // Should see upgrade prompt
      441 |     await expect(page.locator('text=Upgrade to SETTLE')).toBeVisible();
        at C:\Users\yasha\OneDrive\Documents\TrueVow\Cursor\Truevow-Customer-Portal\tests\e2e\customer-use-cases.spec.ts:438:16

    Tearing down "context" exceeded the test timeout of 30000ms.
]]>
</failure>
</testcase>
<testcase name="Edge Cases › User handles network error gracefully" classname="customer-use-cases.spec.ts" time="60.016">
<failure message="customer-use-cases.spec.ts:451:7 User handles network error gracefully" type="FAILURE">
<![CDATA[  [chromium] › customer-use-cases.spec.ts:451:7 › Edge Cases › User handles network error gracefully 

    Test timeout of 30000ms exceeded.

    Error: page.goto: net::ERR_ABORTED; maybe frame was detached?
    Call log:
      - navigating to "http://localhost:3001/dashboard", waiting until "load"


      455 |     });
      456 |     
    > 457 |     await page.goto(`${BASE_URL}/dashboard`);
          |                ^
      458 |     
      459 |     // Page should still load (with error handling)
      460 |     await expect(page.locator('text=Dashboard') || page.locator('text=Error')).toBeVisible();
        at C:\Users\yasha\OneDrive\Documents\TrueVow\Cursor\Truevow-Customer-Portal\tests\e2e\customer-use-cases.spec.ts:457:16

    Tearing down "context" exceeded the test timeout of 30000ms.
]]>
</failure>
</testcase>
<testcase name="Edge Cases › User handles slow API response" classname="customer-use-cases.spec.ts" time="60.318">
<failure message="customer-use-cases.spec.ts:463:7 User handles slow API response" type="FAILURE">
<![CDATA[  [chromium] › customer-use-cases.spec.ts:463:7 › Edge Cases › User handles slow API response ──────

    Test timeout of 30000ms exceeded.

    Error: page.goto: net::ERR_ABORTED; maybe frame was detached?
    Call log:
      - navigating to "http://localhost:3001/dashboard/team", waiting until "load"


      468 |     });
      469 |     
    > 470 |     await page.goto(`${BASE_URL}/dashboard/team`);
          |                ^
      471 |     
      472 |     // Should show loading state or handle timeout
      473 |     // This depends on implementation
        at C:\Users\yasha\OneDrive\Documents\TrueVow\Cursor\Truevow-Customer-Portal\tests\e2e\customer-use-cases.spec.ts:470:16

    Tearing down "context" exceeded the test timeout of 30000ms.
]]>
</failure>
</testcase>
<testcase name="Edge Cases › User cannot access service with invalid subscription" classname="customer-use-cases.spec.ts" time="60.027">
<failure message="customer-use-cases.spec.ts:476:7 User cannot access service with invalid subscription" type="FAILURE">
<![CDATA[  [chromium] › customer-use-cases.spec.ts:476:7 › Edge Cases › User cannot access service with invalid subscription 

    Test timeout of 30000ms exceeded.

    Error: page.goto: net::ERR_ABORTED; maybe frame was detached?
    Call log:
      - navigating to "http://localhost:3001/dashboard/settle", waiting until "load"


      484 |     });
      485 |     
    > 486 |     await page.goto(`${BASE_URL}/dashboard/settle`);
          |                ^
      487 |     
      488 |     // Should handle error gracefully (fail closed - no access)
      489 |     // Should show error message or redirect
        at C:\Users\yasha\OneDrive\Documents\TrueVow\Cursor\Truevow-Customer-Portal\tests\e2e\customer-use-cases.spec.ts:486:16

    Tearing down "context" exceeded the test timeout of 30000ms.
]]>
</failure>
</testcase>
<testcase name="Edge Cases › User handles empty team list" classname="customer-use-cases.spec.ts" time="60.019">
<failure message="customer-use-cases.spec.ts:492:7 User handles empty team list" type="FAILURE">
<![CDATA[  [chromium] › customer-use-cases.spec.ts:492:7 › Edge Cases › User handles empty team list ────────

    Test timeout of 30000ms exceeded.

    Error: page.goto: net::ERR_ABORTED; maybe frame was detached?
    Call log:
      - navigating to "http://localhost:3001/dashboard/team", waiting until "load"


      500 |     });
      501 |     
    > 502 |     await page.goto(`${BASE_URL}/dashboard/team`);
          |                ^
      503 |     
      504 |     // Should show empty state or "No team members" message
      505 |     await expect(page.locator('text=Team Management')).toBeVisible();
        at C:\Users\yasha\OneDrive\Documents\TrueVow\Cursor\Truevow-Customer-Portal\tests\e2e\customer-use-cases.spec.ts:502:16

    Tearing down "context" exceeded the test timeout of 30000ms.
]]>
</failure>
</testcase>
<testcase name="Edge Cases › User handles empty notifications list" classname="customer-use-cases.spec.ts" time="60.095">
<failure message="customer-use-cases.spec.ts:508:7 User handles empty notifications list" type="FAILURE">
<![CDATA[  [chromium] › customer-use-cases.spec.ts:508:7 › Edge Cases › User handles empty notifications list 

    Test timeout of 30000ms exceeded.

    Error: page.goto: net::ERR_ABORTED; maybe frame was detached?
    Call log:
      - navigating to "http://localhost:3001/dashboard/notifications", waiting until "load"


      516 |     });
      517 |     
    > 518 |     await page.goto(`${BASE_URL}/dashboard/notifications`);
          |                ^
      519 |     
      520 |     // Should show "No notifications yet" or empty state
      521 |     await expect(page.locator('text=Notifications')).toBeVisible();
        at C:\Users\yasha\OneDrive\Documents\TrueVow\Cursor\Truevow-Customer-Portal\tests\e2e\customer-use-cases.spec.ts:518:16

    Tearing down "context" exceeded the test timeout of 30000ms.
]]>
</failure>
</testcase>
<testcase name="Edge Cases › User form validation works correctly" classname="customer-use-cases.spec.ts" time="60.082">
<failure message="customer-use-cases.spec.ts:524:7 User form validation works correctly" type="FAILURE">
<![CDATA[  [chromium] › customer-use-cases.spec.ts:524:7 › Edge Cases › User form validation works correctly 

    Test timeout of 30000ms exceeded.

    Error: page.goto: net::ERR_ABORTED; maybe frame was detached?
    Call log:
      - navigating to "http://localhost:3001/dashboard/team/invite", waiting until "load"


      523 |
      524 |   test('User form validation works correctly', async ({ page }) => {
    > 525 |     await page.goto(`${BASE_URL}/dashboard/team/invite`);
          |                ^
      526 |     
      527 |     // Try to submit empty form
      528 |     await page.click('text=Send Invitation');
        at C:\Users\yasha\OneDrive\Documents\TrueVow\Cursor\Truevow-Customer-Portal\tests\e2e\customer-use-cases.spec.ts:525:16

    Tearing down "context" exceeded the test timeout of 30000ms.
]]>
</failure>
</testcase>
<testcase name="Edge Cases › User can navigate back from forms" classname="customer-use-cases.spec.ts" time="60.022">
<failure message="customer-use-cases.spec.ts:536:7 User can navigate back from forms" type="FAILURE">
<![CDATA[  [chromium] › customer-use-cases.spec.ts:536:7 › Edge Cases › User can navigate back from forms ───

    Test timeout of 30000ms exceeded.

    Error: page.goto: net::ERR_ABORTED; maybe frame was detached?
    Call log:
      - navigating to "http://localhost:3001/dashboard/team/invite", waiting until "load"


      535 |
      536 |   test('User can navigate back from forms', async ({ page }) => {
    > 537 |     await page.goto(`${BASE_URL}/dashboard/team/invite`);
          |                ^
      538 |     
      539 |     // Click cancel or back button
      540 |     const cancelButton = page.locator('text=Cancel');
        at C:\Users\yasha\OneDrive\Documents\TrueVow\Cursor\Truevow-Customer-Portal\tests\e2e\customer-use-cases.spec.ts:537:16

    Tearing down "context" exceeded the test timeout of 30000ms.
]]>
</failure>
</testcase>
<testcase name="Responsive Design › Mobile view shows hamburger menu" classname="customer-use-cases.spec.ts" time="60.27">
<failure message="customer-use-cases.spec.ts:554:7 Mobile view shows hamburger menu" type="FAILURE">
<![CDATA[  [chromium] › customer-use-cases.spec.ts:554:7 › Responsive Design › Mobile view shows hamburger menu 

    Test timeout of 30000ms exceeded.

    Error: page.goto: net::ERR_ABORTED; maybe frame was detached?
    Call log:
      - navigating to "http://localhost:3001/dashboard", waiting until "load"


      556 |     await page.setViewportSize({ width: 375, height: 667 });
      557 |     
    > 558 |     await page.goto(`${BASE_URL}/dashboard`);
          |                ^
      559 |     
      560 |     // On mobile, sidebar might be hidden or show hamburger menu
      561 |     // This depends on implementation
        at C:\Users\yasha\OneDrive\Documents\TrueVow\Cursor\Truevow-Customer-Portal\tests\e2e\customer-use-cases.spec.ts:558:16

    Tearing down "context" exceeded the test timeout of 30000ms.
]]>
</failure>
</testcase>
<testcase name="Responsive Design › Tablet view displays correctly" classname="customer-use-cases.spec.ts" time="60.015">
<failure message="customer-use-cases.spec.ts:565:7 Tablet view displays correctly" type="FAILURE">
<![CDATA[  [chromium] › customer-use-cases.spec.ts:565:7 › Responsive Design › Tablet view displays correctly 

    Test timeout of 30000ms exceeded.

    Error: page.goto: net::ERR_ABORTED; maybe frame was detached?
    Call log:
      - navigating to "http://localhost:3001/dashboard/team", waiting until "load"


      567 |     await page.setViewportSize({ width: 768, height: 1024 });
      568 |     
    > 569 |     await page.goto(`${BASE_URL}/dashboard/team`);
          |                ^
      570 |     
      571 |     // Should display correctly on tablet
      572 |     await expect(page.locator('text=Team Management')).toBeVisible();
        at C:\Users\yasha\OneDrive\Documents\TrueVow\Cursor\Truevow-Customer-Portal\tests\e2e\customer-use-cases.spec.ts:569:16

    Tearing down "context" exceeded the test timeout of 30000ms.
]]>
</failure>
</testcase>
<testcase name="Accessibility › All interactive elements are keyboard accessible" classname="customer-use-cases.spec.ts" time="60.153">
<failure message="customer-use-cases.spec.ts:581:7 All interactive elements are keyboard accessible" type="FAILURE">
<![CDATA[  [chromium] › customer-use-cases.spec.ts:581:7 › Accessibility › All interactive elements are keyboard accessible 

    Test timeout of 30000ms exceeded.

    Error: page.goto: net::ERR_ABORTED; maybe frame was detached?
    Call log:
      - navigating to "http://localhost:3001/dashboard", waiting until "load"


      580 | test.describe('Accessibility', () => {
      581 |   test('All interactive elements are keyboard accessible', async ({ page }) => {
    > 582 |     await page.goto(`${BASE_URL}/dashboard`);
          |                ^
      583 |     
      584 |     // Tab through navigation
      585 |     await page.keyboard.press('Tab');
        at C:\Users\yasha\OneDrive\Documents\TrueVow\Cursor\Truevow-Customer-Portal\tests\e2e\customer-use-cases.spec.ts:582:16

    Tearing down "context" exceeded the test timeout of 30000ms.
]]>
</failure>
</testcase>
<testcase name="Accessibility › Images have alt text" classname="customer-use-cases.spec.ts" time="60.075">
<failure message="customer-use-cases.spec.ts:593:7 Images have alt text" type="FAILURE">
<![CDATA[  [chromium] › customer-use-cases.spec.ts:593:7 › Accessibility › Images have alt text ─────────────

    Test timeout of 30000ms exceeded.

    Error: page.goto: net::ERR_ABORTED; maybe frame was detached?
    Call log:
      - navigating to "http://localhost:3001/dashboard", waiting until "load"


      592 |
      593 |   test('Images have alt text', async ({ page }) => {
    > 594 |     await page.goto(`${BASE_URL}/dashboard`);
          |                ^
      595 |     
      596 |     // Check for images without alt text
      597 |     const images = page.locator('img');
        at C:\Users\yasha\OneDrive\Documents\TrueVow\Cursor\Truevow-Customer-Portal\tests\e2e\customer-use-cases.spec.ts:594:16

    Tearing down "context" exceeded the test timeout of 30000ms.
]]>
</failure>
</testcase>
</testsuite>
<testsuite name="service-specific-tests.spec.ts" timestamp="2026-01-05T01:09:17.882Z" hostname="chromium" tests="16" failures="16" skipped="0" time="962.164" errors="0">
<testcase name="SETTLE Service › User can query settlement range" classname="service-specific-tests.spec.ts" time="60.02">
<failure message="service-specific-tests.spec.ts:48:7 User can query settlement range" type="FAILURE">
<![CDATA[  [chromium] › service-specific-tests.spec.ts:48:7 › SETTLE Service › User can query settlement range 

    Test timeout of 30000ms exceeded.

    Error: page.goto: net::ERR_ABORTED; maybe frame was detached?
    Call log:
      - navigating to "http://localhost:3001/dashboard/settle/query", waiting until "load"


      48 |   test('User can query settlement range', async ({ page }) => {
      49 |     await mockSubscription(page, { ...mockSubscriptions.noServices, settle: true });
    > 50 |     await page.goto(`${BASE_URL}/dashboard/settle/query`);
         |                ^
      51 |     
      52 |     // Should see query form
      53 |     await expect(page.locator('text=Settlement Range Query')).toBeVisible();
        at C:\Users\yasha\OneDrive\Documents\TrueVow\Cursor\Truevow-Customer-Portal\tests\e2e\service-specific-tests.spec.ts:50:16

    Tearing down "context" exceeded the test timeout of 30000ms.
]]>
</failure>
</testcase>
<testcase name="SETTLE Service › User can contribute case data" classname="service-specific-tests.spec.ts" time="60.223">
<failure message="service-specific-tests.spec.ts:67:7 User can contribute case data" type="FAILURE">
<![CDATA[  [chromium] › service-specific-tests.spec.ts:67:7 › SETTLE Service › User can contribute case data 

    Test timeout of 30000ms exceeded.

    Error: page.goto: net::ERR_ABORTED; maybe frame was detached?
    Call log:
      - navigating to "http://localhost:3001/dashboard/settle/contribute", waiting until "load"


      67 |   test('User can contribute case data', async ({ page }) => {
      68 |     await mockSubscription(page, { ...mockSubscriptions.noServices, settle: true });
    > 69 |     await page.goto(`${BASE_URL}/dashboard/settle/contribute`);
         |                ^
      70 |     
      71 |     // Should see contribution form
      72 |     await expect(page.locator('text=Contribute Case Data')).toBeVisible();
        at C:\Users\yasha\OneDrive\Documents\TrueVow\Cursor\Truevow-Customer-Portal\tests\e2e\service-specific-tests.spec.ts:69:16

    Tearing down "context" exceeded the test timeout of 30000ms.
]]>
</failure>
</testcase>
<testcase name="SETTLE Service › User can view and download reports" classname="service-specific-tests.spec.ts" time="60.226">
<failure message="service-specific-tests.spec.ts:88:7 User can view and download reports" type="FAILURE">
<![CDATA[  [chromium] › service-specific-tests.spec.ts:88:7 › SETTLE Service › User can view and download reports 

    Test timeout of 30000ms exceeded.

    Error: page.goto: net::ERR_ABORTED; maybe frame was detached?
    Call log:
      - navigating to "http://localhost:3001/dashboard/settle/reports", waiting until "load"


      88 |   test('User can view and download reports', async ({ page }) => {
      89 |     await mockSubscription(page, { ...mockSubscriptions.noServices, settle: true });
    > 90 |     await page.goto(`${BASE_URL}/dashboard/settle/reports`);
         |                ^
      91 |     
      92 |     // Should see reports page
      93 |     await expect(page.locator('text=SETTLE Reports')).toBeVisible();
        at C:\Users\yasha\OneDrive\Documents\TrueVow\Cursor\Truevow-Customer-Portal\tests\e2e\service-specific-tests.spec.ts:90:16

    Tearing down "context" exceeded the test timeout of 30000ms.
]]>
</failure>
</testcase>
<testcase name="SETTLE Service › User sees upgrade prompt when not subscribed to SETTLE" classname="service-specific-tests.spec.ts" time="60.39">
<failure message="service-specific-tests.spec.ts:102:7 User sees upgrade prompt when not subscribed to SETTLE" type="FAILURE">
<![CDATA[  [chromium] › service-specific-tests.spec.ts:102:7 › SETTLE Service › User sees upgrade prompt when not subscribed to SETTLE 

    Test timeout of 30000ms exceeded.

    Error: page.goto: net::ERR_ABORTED; maybe frame was detached?
    Call log:
      - navigating to "http://localhost:3001/dashboard/settle", waiting until "load"


      102 |   test('User sees upgrade prompt when not subscribed to SETTLE', async ({ page }) => {
      103 |     await mockSubscription(page, mockSubscriptions.noServices);
    > 104 |     await page.goto(`${BASE_URL}/dashboard/settle`);
          |                ^
      105 |     
      106 |     await expect(page.locator('text=Upgrade to SETTLE')).toBeVisible();
      107 |     await expect(page.locator('text=Subscribe to unlock')).toBeVisible();
        at C:\Users\yasha\OneDrive\Documents\TrueVow\Cursor\Truevow-Customer-Portal\tests\e2e\service-specific-tests.spec.ts:104:16

    Tearing down "context" exceeded the test timeout of 30000ms.
]]>
</failure>
</testcase>
<testcase name="CONNECT Service › User can view referrals list" classname="service-specific-tests.spec.ts" time="60.022">
<failure message="service-specific-tests.spec.ts:116:7 User can view referrals list" type="FAILURE">
<![CDATA[  [chromium] › service-specific-tests.spec.ts:116:7 › CONNECT Service › User can view referrals list 

    Test timeout of 30000ms exceeded.

    Error: page.goto: net::ERR_ABORTED; maybe frame was detached?
    Call log:
      - navigating to "http://localhost:3001/dashboard/connect/referrals", waiting until "load"


      116 |   test('User can view referrals list', async ({ page }) => {
      117 |     await mockSubscription(page, { ...mockSubscriptions.noServices, connect: true });
    > 118 |     await page.goto(`${BASE_URL}/dashboard/connect/referrals`);
          |                ^
      119 |     
      120 |     // Should see referrals page
      121 |     await expect(page.locator('text=Referrals')).toBeVisible();
        at C:\Users\yasha\OneDrive\Documents\TrueVow\Cursor\Truevow-Customer-Portal\tests\e2e\service-specific-tests.spec.ts:118:16

    Tearing down "context" exceeded the test timeout of 30000ms.
]]>
</failure>
</testcase>
<testcase name="CONNECT Service › User can create new referral" classname="service-specific-tests.spec.ts" time="60.026">
<failure message="service-specific-tests.spec.ts:125:7 User can create new referral" type="FAILURE">
<![CDATA[  [chromium] › service-specific-tests.spec.ts:125:7 › CONNECT Service › User can create new referral 

    Test timeout of 30000ms exceeded.

    Error: page.goto: net::ERR_ABORTED; maybe frame was detached?
    Call log:
      - navigating to "http://localhost:3001/dashboard/connect/referrals/new", waiting until "load"


      125 |   test('User can create new referral', async ({ page }) => {
      126 |     await mockSubscription(page, { ...mockSubscriptions.noServices, connect: true });
    > 127 |     await page.goto(`${BASE_URL}/dashboard/connect/referrals/new`);
          |                ^
      128 |     
      129 |     // Should see create referral form
      130 |     await expect(page.locator('text=Create Referral')).toBeVisible();
        at C:\Users\yasha\OneDrive\Documents\TrueVow\Cursor\Truevow-Customer-Portal\tests\e2e\service-specific-tests.spec.ts:127:16

    Tearing down "context" exceeded the test timeout of 30000ms.
]]>
</failure>
</testcase>
<testcase name="CONNECT Service › User can view payouts" classname="service-specific-tests.spec.ts" time="60.045">
<failure message="service-specific-tests.spec.ts:144:7 User can view payouts" type="FAILURE">
<![CDATA[  [chromium] › service-specific-tests.spec.ts:144:7 › CONNECT Service › User can view payouts ──────

    Test timeout of 30000ms exceeded.

    Error: page.goto: net::ERR_ABORTED; maybe frame was detached?
    Call log:
      - navigating to "http://localhost:3001/dashboard/connect/payouts", waiting until "load"


      144 |   test('User can view payouts', async ({ page }) => {
      145 |     await mockSubscription(page, { ...mockSubscriptions.noServices, connect: true });
    > 146 |     await page.goto(`${BASE_URL}/dashboard/connect/payouts`);
          |                ^
      147 |     
      148 |     // Should see payouts page
      149 |     await expect(page.locator('text=Payouts')).toBeVisible();
        at C:\Users\yasha\OneDrive\Documents\TrueVow\Cursor\Truevow-Customer-Portal\tests\e2e\service-specific-tests.spec.ts:146:16

    Tearing down "context" exceeded the test timeout of 30000ms.
]]>
</failure>
</testcase>
<testcase name="CONNECT Service › User sees upgrade prompt when not subscribed to CONNECT" classname="service-specific-tests.spec.ts" time="60.02">
<failure message="service-specific-tests.spec.ts:156:7 User sees upgrade prompt when not subscribed to CONNECT" type="FAILURE">
<![CDATA[  [chromium] › service-specific-tests.spec.ts:156:7 › CONNECT Service › User sees upgrade prompt when not subscribed to CONNECT 

    Test timeout of 30000ms exceeded.

    Error: page.goto: net::ERR_ABORTED; maybe frame was detached?
    Call log:
      - navigating to "http://localhost:3001/dashboard/connect", waiting until "load"


      156 |   test('User sees upgrade prompt when not subscribed to CONNECT', async ({ page }) => {
      157 |     await mockSubscription(page, mockSubscriptions.noServices);
    > 158 |     await page.goto(`${BASE_URL}/dashboard/connect`);
          |                ^
      159 |     
      160 |     await expect(page.locator('text=Upgrade to CONNECT')).toBeVisible();
      161 |   });
        at C:\Users\yasha\OneDrive\Documents\TrueVow\Cursor\Truevow-Customer-Portal\tests\e2e\service-specific-tests.spec.ts:158:16

    Tearing down "context" exceeded the test timeout of 30000ms.
]]>
</failure>
</testcase>
<testcase name="VERIFY Service › User can access VERIFY dashboard" classname="service-specific-tests.spec.ts" time="60.482">
<failure message="service-specific-tests.spec.ts:169:7 User can access VERIFY dashboard" type="FAILURE">
<![CDATA[  [chromium] › service-specific-tests.spec.ts:169:7 › VERIFY Service › User can access VERIFY dashboard 

    Test timeout of 30000ms exceeded.

    Error: page.goto: net::ERR_ABORTED; maybe frame was detached?
    Call log:
      - navigating to "http://localhost:3001/dashboard/verify", waiting until "load"


      169 |   test('User can access VERIFY dashboard', async ({ page }) => {
      170 |     await mockSubscription(page, { ...mockSubscriptions.noServices, verify: true });
    > 171 |     await page.goto(`${BASE_URL}/dashboard/verify`);
          |                ^
      172 |     
      173 |     // Should see VERIFY dashboard
      174 |     await expect(page.locator('text=VERIFY')).toBeVisible();
        at C:\Users\yasha\OneDrive\Documents\TrueVow\Cursor\Truevow-Customer-Portal\tests\e2e\service-specific-tests.spec.ts:171:16

    Tearing down "context" exceeded the test timeout of 30000ms.
]]>
</failure>
</testcase>
<testcase name="VERIFY Service › User sees upgrade prompt when not subscribed to VERIFY" classname="service-specific-tests.spec.ts" time="60.023">
<failure message="service-specific-tests.spec.ts:179:7 User sees upgrade prompt when not subscribed to VERIFY" type="FAILURE">
<![CDATA[  [chromium] › service-specific-tests.spec.ts:179:7 › VERIFY Service › User sees upgrade prompt when not subscribed to VERIFY 

    Test timeout of 30000ms exceeded.

    Error: page.goto: net::ERR_ABORTED; maybe frame was detached?
    Call log:
      - navigating to "http://localhost:3001/dashboard/verify", waiting until "load"


      179 |   test('User sees upgrade prompt when not subscribed to VERIFY', async ({ page }) => {
      180 |     await mockSubscription(page, mockSubscriptions.noServices);
    > 181 |     await page.goto(`${BASE_URL}/dashboard/verify`);
          |                ^
      182 |     
      183 |     await expect(page.locator('text=Upgrade to VERIFY')).toBeVisible();
      184 |     await expect(page.locator('text=Subscribe to unlock')).toBeVisible();
        at C:\Users\yasha\OneDrive\Documents\TrueVow\Cursor\Truevow-Customer-Portal\tests\e2e\service-specific-tests.spec.ts:181:16

    Tearing down "context" exceeded the test timeout of 30000ms.
]]>
</failure>
</testcase>
<testcase name="INTAKE Service › User can access INTAKE dashboard" classname="service-specific-tests.spec.ts" time="60.024">
<failure message="service-specific-tests.spec.ts:193:7 User can access INTAKE dashboard" type="FAILURE">
<![CDATA[  [chromium] › service-specific-tests.spec.ts:193:7 › INTAKE Service › User can access INTAKE dashboard 

    Test timeout of 30000ms exceeded.

    Error: page.goto: net::ERR_ABORTED; maybe frame was detached?
    Call log:
      - navigating to "http://localhost:3001/dashboard/intake", waiting until "load"


      193 |   test('User can access INTAKE dashboard', async ({ page }) => {
      194 |     await mockSubscription(page, { ...mockSubscriptions.noServices, intake: true });
    > 195 |     await page.goto(`${BASE_URL}/dashboard/intake`);
          |                ^
      196 |     
      197 |     // Should see INTAKE dashboard
      198 |     await expect(page.locator('text=Intake') || page.locator('text=Leads')).toBeVisible();
        at C:\Users\yasha\OneDrive\Documents\TrueVow\Cursor\Truevow-Customer-Portal\tests\e2e\service-specific-tests.spec.ts:195:16

    Tearing down "context" exceeded the test timeout of 30000ms.
]]>
</failure>
</testcase>
<testcase name="INTAKE Service › User sees upgrade prompt when not subscribed to INTAKE" classname="service-specific-tests.spec.ts" time="60.024">
<failure message="service-specific-tests.spec.ts:201:7 User sees upgrade prompt when not subscribed to INTAKE" type="FAILURE">
<![CDATA[  [chromium] › service-specific-tests.spec.ts:201:7 › INTAKE Service › User sees upgrade prompt when not subscribed to INTAKE 

    Test timeout of 30000ms exceeded.

    Error: page.goto: net::ERR_ABORTED; maybe frame was detached?
    Call log:
      - navigating to "http://localhost:3001/dashboard/intake", waiting until "load"


      201 |   test('User sees upgrade prompt when not subscribed to INTAKE', async ({ page }) => {
      202 |     await mockSubscription(page, mockSubscriptions.noServices);
    > 203 |     await page.goto(`${BASE_URL}/dashboard/intake`);
          |                ^
      204 |     
      205 |     await expect(page.locator('text=Upgrade to INTAKE')).toBeVisible();
      206 |   });
        at C:\Users\yasha\OneDrive\Documents\TrueVow\Cursor\Truevow-Customer-Portal\tests\e2e\service-specific-tests.spec.ts:203:16

    Tearing down "context" exceeded the test timeout of 30000ms.
]]>
</failure>
</testcase>
<testcase name="DRAFT Service › User can access DRAFT dashboard" classname="service-specific-tests.spec.ts" time="60.038">
<failure message="service-specific-tests.spec.ts:214:7 User can access DRAFT dashboard" type="FAILURE">
<![CDATA[  [chromium] › service-specific-tests.spec.ts:214:7 › DRAFT Service › User can access DRAFT dashboard 

    Test timeout of 30000ms exceeded.

    Error: page.goto: net::ERR_ABORTED; maybe frame was detached?
    Call log:
      - navigating to "http://localhost:3001/dashboard/draft", waiting until "load"


      214 |   test('User can access DRAFT dashboard', async ({ page }) => {
      215 |     await mockSubscription(page, { ...mockSubscriptions.noServices, draft: true });
    > 216 |     await page.goto(`${BASE_URL}/dashboard/draft`);
          |                ^
      217 |     
      218 |     // Should see DRAFT dashboard
      219 |     await expect(page.locator('text=DRAFT') || page.locator('text=Validation')).toBeVisible();
        at C:\Users\yasha\OneDrive\Documents\TrueVow\Cursor\Truevow-Customer-Portal\tests\e2e\service-specific-tests.spec.ts:216:16

    Tearing down "context" exceeded the test timeout of 30000ms.
]]>
</failure>
</testcase>
<testcase name="DRAFT Service › User sees upgrade prompt when not subscribed to DRAFT" classname="service-specific-tests.spec.ts" time="60.032">
<failure message="service-specific-tests.spec.ts:222:7 User sees upgrade prompt when not subscribed to DRAFT" type="FAILURE">
<![CDATA[  [chromium] › service-specific-tests.spec.ts:222:7 › DRAFT Service › User sees upgrade prompt when not subscribed to DRAFT 

    Test timeout of 30000ms exceeded.

    Error: page.goto: net::ERR_ABORTED; maybe frame was detached?
    Call log:
      - navigating to "http://localhost:3001/dashboard/draft", waiting until "load"


      222 |   test('User sees upgrade prompt when not subscribed to DRAFT', async ({ page }) => {
      223 |     await mockSubscription(page, mockSubscriptions.noServices);
    > 224 |     await page.goto(`${BASE_URL}/dashboard/draft`);
          |                ^
      225 |     
      226 |     await expect(page.locator('text=Upgrade to DRAFT')).toBeVisible();
      227 |   });
        at C:\Users\yasha\OneDrive\Documents\TrueVow\Cursor\Truevow-Customer-Portal\tests\e2e\service-specific-tests.spec.ts:224:16

    Tearing down "context" exceeded the test timeout of 30000ms.
]]>
</failure>
</testcase>
<testcase name="Cross-Service Integration › User can navigate between all subscribed services" classname="service-specific-tests.spec.ts" time="60.544">
<failure message="service-specific-tests.spec.ts:235:7 User can navigate between all subscribed services" type="FAILURE">
<![CDATA[  [chromium] › service-specific-tests.spec.ts:235:7 › Cross-Service Integration › User can navigate between all subscribed services 

    Test timeout of 30000ms exceeded.

    Error: page.goto: net::ERR_ABORTED; maybe frame was detached?
    Call log:
      - navigating to "http://localhost:3001/dashboard", waiting until "load"


      235 |   test('User can navigate between all subscribed services', async ({ page }) => {
      236 |     await mockSubscription(page, mockSubscriptions.allServices);
    > 237 |     await page.goto(`${BASE_URL}/dashboard`);
          |                ^
      238 |     
      239 |     // Navigate to each service
      240 |     const services = [
        at C:\Users\yasha\OneDrive\Documents\TrueVow\Cursor\Truevow-Customer-Portal\tests\e2e\service-specific-tests.spec.ts:237:16

    Tearing down "context" exceeded the test timeout of 30000ms.
]]>
</failure>
</testcase>
<testcase name="Cross-Service Integration › User subscription changes reflect immediately in UI" classname="service-specific-tests.spec.ts" time="60.025">
<failure message="service-specific-tests.spec.ts:255:7 User subscription changes reflect immediately in UI" type="FAILURE">
<![CDATA[  [chromium] › service-specific-tests.spec.ts:255:7 › Cross-Service Integration › User subscription changes reflect immediately in UI 

    Test timeout of 30000ms exceeded.

    Error: page.goto: net::ERR_ABORTED; maybe frame was detached?
    Call log:
      - navigating to "http://localhost:3001/dashboard", waiting until "load"


      256 |     // Start with no subscriptions
      257 |     await mockSubscription(page, mockSubscriptions.noServices);
    > 258 |     await page.goto(`${BASE_URL}/dashboard`);
          |                ^
      259 |     
      260 |     // SETTLE should not be visible
      261 |     await expect(page.locator('text=SETTLE Data Bank')).not.toBeVisible();
        at C:\Users\yasha\OneDrive\Documents\TrueVow\Cursor\Truevow-Customer-Portal\tests\e2e\service-specific-tests.spec.ts:258:16

    Tearing down "context" exceeded the test timeout of 30000ms.
]]>
</failure>
</testcase>
</testsuite>
<testsuite name="customer-use-cases.spec.ts" timestamp="2026-01-05T01:09:17.882Z" hostname="firefox" tests="34" failures="34" skipped="0" time="7.411" errors="0">
<testcase name="Navigation &amp; Access Control › User sees only subscribed services in navigation" classname="customer-use-cases.spec.ts" time="0.32">
<failure message="customer-use-cases.spec.ts:84:7 User sees only subscribed services in navigation" type="FAILURE">
<![CDATA[  [firefox] › customer-use-cases.spec.ts:84:7 › Navigation & Access Control › User sees only subscribed services in navigation 

    Error: browserType.launch: Executable doesn't exist at C:\Users\yasha\AppData\Local\ms-playwright\firefox-1497\firefox\firefox.exe
    ╔═════════════════════════════════════════════════════════════════════════╗
    ║ Looks like Playwright Test or Playwright was just installed or updated. ║
    ║ Please run the following command to download new browsers:              ║
    ║                                                                         ║
    ║     npx playwright install                                              ║
    ║                                                                         ║
    ║ <3 Playwright Team                                                      ║
    ╚═════════════════════════════════════════════════════════════════════════╝
]]>
</failure>
</testcase>
<testcase name="Navigation &amp; Access Control › User redirected to upgrade when accessing unsubscribed service" classname="customer-use-cases.spec.ts" time="0.138">
<failure message="customer-use-cases.spec.ts:104:7 User redirected to upgrade when accessing unsubscribed service" type="FAILURE">
<![CDATA[  [firefox] › customer-use-cases.spec.ts:104:7 › Navigation & Access Control › User redirected to upgrade when accessing unsubscribed service 

    Error: browserType.launch: Executable doesn't exist at C:\Users\yasha\AppData\Local\ms-playwright\firefox-1497\firefox\firefox.exe
    ╔═════════════════════════════════════════════════════════════════════════╗
    ║ Looks like Playwright Test or Playwright was just installed or updated. ║
    ║ Please run the following command to download new browsers:              ║
    ║                                                                         ║
    ║     npx playwright install                                              ║
    ║                                                                         ║
    ║ <3 Playwright Team                                                      ║
    ╚═════════════════════════════════════════════════════════════════════════╝
]]>
</failure>
</testcase>
<testcase name="Navigation &amp; Access Control › User can navigate between all pages" classname="customer-use-cases.spec.ts" time="0.161">
<failure message="customer-use-cases.spec.ts:119:7 User can navigate between all pages" type="FAILURE">
<![CDATA[  [firefox] › customer-use-cases.spec.ts:119:7 › Navigation & Access Control › User can navigate between all pages 

    Error: browserType.launch: Executable doesn't exist at C:\Users\yasha\AppData\Local\ms-playwright\firefox-1497\firefox\firefox.exe
    ╔═════════════════════════════════════════════════════════════════════════╗
    ║ Looks like Playwright Test or Playwright was just installed or updated. ║
    ║ Please run the following command to download new browsers:              ║
    ║                                                                         ║
    ║     npx playwright install                                              ║
    ║                                                                         ║
    ║ <3 Playwright Team                                                      ║
    ╚═════════════════════════════════════════════════════════════════════════╝
]]>
</failure>
</testcase>
<testcase name="Team Management › User can view team members" classname="customer-use-cases.spec.ts" time="0.059">
<failure message="customer-use-cases.spec.ts:150:7 User can view team members" type="FAILURE">
<![CDATA[  [firefox] › customer-use-cases.spec.ts:150:7 › Team Management › User can view team members ──────

    Error: browserType.launch: Executable doesn't exist at C:\Users\yasha\AppData\Local\ms-playwright\firefox-1497\firefox\firefox.exe
    ╔═════════════════════════════════════════════════════════════════════════╗
    ║ Looks like Playwright Test or Playwright was just installed or updated. ║
    ║ Please run the following command to download new browsers:              ║
    ║                                                                         ║
    ║     npx playwright install                                              ║
    ║                                                                         ║
    ║ <3 Playwright Team                                                      ║
    ╚═════════════════════════════════════════════════════════════════════════╝
]]>
</failure>
</testcase>
<testcase name="Team Management › User can invite new team member" classname="customer-use-cases.spec.ts" time="0.081">
<failure message="customer-use-cases.spec.ts:162:7 User can invite new team member" type="FAILURE">
<![CDATA[  [firefox] › customer-use-cases.spec.ts:162:7 › Team Management › User can invite new team member ─

    Error: browserType.launch: Executable doesn't exist at C:\Users\yasha\AppData\Local\ms-playwright\firefox-1497\firefox\firefox.exe
    ╔═════════════════════════════════════════════════════════════════════════╗
    ║ Looks like Playwright Test or Playwright was just installed or updated. ║
    ║ Please run the following command to download new browsers:              ║
    ║                                                                         ║
    ║     npx playwright install                                              ║
    ║                                                                         ║
    ║ <3 Playwright Team                                                      ║
    ╚═════════════════════════════════════════════════════════════════════════╝
]]>
</failure>
</testcase>
<testcase name="Team Management › User cannot invite without selecting services" classname="customer-use-cases.spec.ts" time="0.064">
<failure message="customer-use-cases.spec.ts:186:7 User cannot invite without selecting services" type="FAILURE">
<![CDATA[  [firefox] › customer-use-cases.spec.ts:186:7 › Team Management › User cannot invite without selecting services 

    Error: browserType.launch: Executable doesn't exist at C:\Users\yasha\AppData\Local\ms-playwright\firefox-1497\firefox\firefox.exe
    ╔═════════════════════════════════════════════════════════════════════════╗
    ║ Looks like Playwright Test or Playwright was just installed or updated. ║
    ║ Please run the following command to download new browsers:              ║
    ║                                                                         ║
    ║     npx playwright install                                              ║
    ║                                                                         ║
    ║ <3 Playwright Team                                                      ║
    ╚═════════════════════════════════════════════════════════════════════════╝
]]>
</failure>
</testcase>
<testcase name="Team Management › User can edit team member service access" classname="customer-use-cases.spec.ts" time="0.222">
<failure message="customer-use-cases.spec.ts:202:7 User can edit team member service access" type="FAILURE">
<![CDATA[  [firefox] › customer-use-cases.spec.ts:202:7 › Team Management › User can edit team member service access 

    Error: browserType.launch: Executable doesn't exist at C:\Users\yasha\AppData\Local\ms-playwright\firefox-1497\firefox\firefox.exe
    ╔═════════════════════════════════════════════════════════════════════════╗
    ║ Looks like Playwright Test or Playwright was just installed or updated. ║
    ║ Please run the following command to download new browsers:              ║
    ║                                                                         ║
    ║     npx playwright install                                              ║
    ║                                                                         ║
    ║ <3 Playwright Team                                                      ║
    ╚═════════════════════════════════════════════════════════════════════════╝
]]>
</failure>
</testcase>
<testcase name="Notifications &amp; Messages › User can view notifications" classname="customer-use-cases.spec.ts" time="0.053">
<failure message="customer-use-cases.spec.ts:221:7 User can view notifications" type="FAILURE">
<![CDATA[  [firefox] › customer-use-cases.spec.ts:221:7 › Notifications & Messages › User can view notifications 

    Error: browserType.launch: Executable doesn't exist at C:\Users\yasha\AppData\Local\ms-playwright\firefox-1497\firefox\firefox.exe
    ╔═════════════════════════════════════════════════════════════════════════╗
    ║ Looks like Playwright Test or Playwright was just installed or updated. ║
    ║ Please run the following command to download new browsers:              ║
    ║                                                                         ║
    ║     npx playwright install                                              ║
    ║                                                                         ║
    ║ <3 Playwright Team                                                      ║
    ╚═════════════════════════════════════════════════════════════════════════╝
]]>
</failure>
</testcase>
<testcase name="Notifications &amp; Messages › User can mark notifications as read" classname="customer-use-cases.spec.ts" time="0.053">
<failure message="customer-use-cases.spec.ts:233:7 User can mark notifications as read" type="FAILURE">
<![CDATA[  [firefox] › customer-use-cases.spec.ts:233:7 › Notifications & Messages › User can mark notifications as read 

    Error: browserType.launch: Executable doesn't exist at C:\Users\yasha\AppData\Local\ms-playwright\firefox-1497\firefox\firefox.exe
    ╔═════════════════════════════════════════════════════════════════════════╗
    ║ Looks like Playwright Test or Playwright was just installed or updated. ║
    ║ Please run the following command to download new browsers:              ║
    ║                                                                         ║
    ║     npx playwright install                                              ║
    ║                                                                         ║
    ║ <3 Playwright Team                                                      ║
    ╚═════════════════════════════════════════════════════════════════════════╝
]]>
</failure>
</testcase>
<testcase name="Notifications &amp; Messages › User can click notification action links" classname="customer-use-cases.spec.ts" time="0.205">
<failure message="customer-use-cases.spec.ts:243:7 User can click notification action links" type="FAILURE">
<![CDATA[  [firefox] › customer-use-cases.spec.ts:243:7 › Notifications & Messages › User can click notification action links 

    Error: browserType.launch: Executable doesn't exist at C:\Users\yasha\AppData\Local\ms-playwright\firefox-1497\firefox\firefox.exe
    ╔═════════════════════════════════════════════════════════════════════════╗
    ║ Looks like Playwright Test or Playwright was just installed or updated. ║
    ║ Please run the following command to download new browsers:              ║
    ║                                                                         ║
    ║     npx playwright install                                              ║
    ║                                                                         ║
    ║ <3 Playwright Team                                                      ║
    ╚═════════════════════════════════════════════════════════════════════════╝
]]>
</failure>
</testcase>
<testcase name="Notifications &amp; Messages › User can view messages inbox" classname="customer-use-cases.spec.ts" time="0.117">
<failure message="customer-use-cases.spec.ts:255:7 User can view messages inbox" type="FAILURE">
<![CDATA[  [firefox] › customer-use-cases.spec.ts:255:7 › Notifications & Messages › User can view messages inbox 

    Error: browserType.launch: Executable doesn't exist at C:\Users\yasha\AppData\Local\ms-playwright\firefox-1497\firefox\firefox.exe
    ╔═════════════════════════════════════════════════════════════════════════╗
    ║ Looks like Playwright Test or Playwright was just installed or updated. ║
    ║ Please run the following command to download new browsers:              ║
    ║                                                                         ║
    ║     npx playwright install                                              ║
    ║                                                                         ║
    ║ <3 Playwright Team                                                      ║
    ╚═════════════════════════════════════════════════════════════════════════╝
]]>
</failure>
</testcase>
<testcase name="Settings &amp; Profile Management › User can view settings page" classname="customer-use-cases.spec.ts" time="0.056">
<failure message="customer-use-cases.spec.ts:269:7 User can view settings page" type="FAILURE">
<![CDATA[  [firefox] › customer-use-cases.spec.ts:269:7 › Settings & Profile Management › User can view settings page 

    Error: browserType.launch: Executable doesn't exist at C:\Users\yasha\AppData\Local\ms-playwright\firefox-1497\firefox\firefox.exe
    ╔═════════════════════════════════════════════════════════════════════════╗
    ║ Looks like Playwright Test or Playwright was just installed or updated. ║
    ║ Please run the following command to download new browsers:              ║
    ║                                                                         ║
    ║     npx playwright install                                              ║
    ║                                                                         ║
    ║ <3 Playwright Team                                                      ║
    ╚═════════════════════════════════════════════════════════════════════════╝
]]>
</failure>
</testcase>
<testcase name="Settings &amp; Profile Management › User can update profile information" classname="customer-use-cases.spec.ts" time="0.288">
<failure message="customer-use-cases.spec.ts:281:7 User can update profile information" type="FAILURE">
<![CDATA[  [firefox] › customer-use-cases.spec.ts:281:7 › Settings & Profile Management › User can update profile information 

    Error: browserType.launch: Executable doesn't exist at C:\Users\yasha\AppData\Local\ms-playwright\firefox-1497\firefox\firefox.exe
    ╔═════════════════════════════════════════════════════════════════════════╗
    ║ Looks like Playwright Test or Playwright was just installed or updated. ║
    ║ Please run the following command to download new browsers:              ║
    ║                                                                         ║
    ║     npx playwright install                                              ║
    ║                                                                         ║
    ║ <3 Playwright Team                                                      ║
    ╚═════════════════════════════════════════════════════════════════════════╝
]]>
</failure>
</testcase>
<testcase name="Settings &amp; Profile Management › User can change password" classname="customer-use-cases.spec.ts" time="0.053">
<failure message="customer-use-cases.spec.ts:304:7 User can change password" type="FAILURE">
<![CDATA[  [firefox] › customer-use-cases.spec.ts:304:7 › Settings & Profile Management › User can change password 

    Error: browserType.launch: Executable doesn't exist at C:\Users\yasha\AppData\Local\ms-playwright\firefox-1497\firefox\firefox.exe
    ╔═════════════════════════════════════════════════════════════════════════╗
    ║ Looks like Playwright Test or Playwright was just installed or updated. ║
    ║ Please run the following command to download new browsers:              ║
    ║                                                                         ║
    ║     npx playwright install                                              ║
    ║                                                                         ║
    ║ <3 Playwright Team                                                      ║
    ╚═════════════════════════════════════════════════════════════════════════╝
]]>
</failure>
</testcase>
<testcase name="Settings &amp; Profile Management › User can access forgot password page" classname="customer-use-cases.spec.ts" time="0.061">
<failure message="customer-use-cases.spec.ts:324:7 User can access forgot password page" type="FAILURE">
<![CDATA[  [firefox] › customer-use-cases.spec.ts:324:7 › Settings & Profile Management › User can access forgot password page 

    Error: browserType.launch: Executable doesn't exist at C:\Users\yasha\AppData\Local\ms-playwright\firefox-1497\firefox\firefox.exe
    ╔═════════════════════════════════════════════════════════════════════════╗
    ║ Looks like Playwright Test or Playwright was just installed or updated. ║
    ║ Please run the following command to download new browsers:              ║
    ║                                                                         ║
    ║     npx playwright install                                              ║
    ║                                                                         ║
    ║ <3 Playwright Team                                                      ║
    ╚═════════════════════════════════════════════════════════════════════════╝
]]>
</failure>
</testcase>
<testcase name="Settings &amp; Profile Management › User can request password reset" classname="customer-use-cases.spec.ts" time="0.538">
<failure message="customer-use-cases.spec.ts:333:7 User can request password reset" type="FAILURE">
<![CDATA[  [firefox] › customer-use-cases.spec.ts:333:7 › Settings & Profile Management › User can request password reset 

    Error: browserType.launch: Executable doesn't exist at C:\Users\yasha\AppData\Local\ms-playwright\firefox-1497\firefox\firefox.exe
    ╔═════════════════════════════════════════════════════════════════════════╗
    ║ Looks like Playwright Test or Playwright was just installed or updated. ║
    ║ Please run the following command to download new browsers:              ║
[...]
<failure message="customer-use-cases.spec.ts:593:7 Images have alt text" type="FAILURE">
<![CDATA[  [Mobile Safari] › customer-use-cases.spec.ts:593:7 › Accessibility › Images have alt text ────────

    Error: browserType.launch: Executable doesn't exist at C:\Users\yasha\AppData\Local\ms-playwright\webkit-2227\Playwright.exe
    ╔═════════════════════════════════════════════════════════════════════════╗
    ║ Looks like Playwright Test or Playwright was just installed or updated. ║
    ║ Please run the following command to download new browsers:              ║
    ║                                                                         ║
    ║     npx playwright install                                              ║
    ║                                                                         ║
    ║ <3 Playwright Team                                                      ║
    ╚═════════════════════════════════════════════════════════════════════════╝
]]>
</failure>
</testcase>
</testsuite>
<testsuite name="service-specific-tests.spec.ts" timestamp="2026-01-05T01:09:17.882Z" hostname="Mobile Safari" tests="16" failures="16" skipped="0" time="1.438" errors="0">
<testcase name="SETTLE Service › User can query settlement range" classname="service-specific-tests.spec.ts" time="0.047">
<failure message="service-specific-tests.spec.ts:48:7 User can query settlement range" type="FAILURE">
<![CDATA[  [Mobile Safari] › service-specific-tests.spec.ts:48:7 › SETTLE Service › User can query settlement range 

    Error: browserType.launch: Executable doesn't exist at C:\Users\yasha\AppData\Local\ms-playwright\webkit-2227\Playwright.exe
    ╔═════════════════════════════════════════════════════════════════════════╗
    ║ Looks like Playwright Test or Playwright was just installed or updated. ║
    ║ Please run the following command to download new browsers:              ║
    ║                                                                         ║
    ║     npx playwright install                                              ║
    ║                                                                         ║
    ║ <3 Playwright Team                                                      ║
    ╚═════════════════════════════════════════════════════════════════════════╝
]]>
</failure>
</testcase>
<testcase name="SETTLE Service › User can contribute case data" classname="service-specific-tests.spec.ts" time="0.052">
<failure message="service-specific-tests.spec.ts:67:7 User can contribute case data" type="FAILURE">
<![CDATA[  [Mobile Safari] › service-specific-tests.spec.ts:67:7 › SETTLE Service › User can contribute case data 

    Error: browserType.launch: Executable doesn't exist at C:\Users\yasha\AppData\Local\ms-playwright\webkit-2227\Playwright.exe
    ╔═════════════════════════════════════════════════════════════════════════╗
    ║ Looks like Playwright Test or Playwright was just installed or updated. ║
    ║ Please run the following command to download new browsers:              ║
    ║                                                                         ║
    ║     npx playwright install                                              ║
    ║                                                                         ║
    ║ <3 Playwright Team                                                      ║
    ╚═════════════════════════════════════════════════════════════════════════╝
]]>
</failure>
</testcase>
<testcase name="SETTLE Service › User can view and download reports" classname="service-specific-tests.spec.ts" time="0.068">
<failure message="service-specific-tests.spec.ts:88:7 User can view and download reports" type="FAILURE">
<![CDATA[  [Mobile Safari] › service-specific-tests.spec.ts:88:7 › SETTLE Service › User can view and download reports 

    Error: browserType.launch: Executable doesn't exist at C:\Users\yasha\AppData\Local\ms-playwright\webkit-2227\Playwright.exe
    ╔═════════════════════════════════════════════════════════════════════════╗
    ║ Looks like Playwright Test or Playwright was just installed or updated. ║
    ║ Please run the following command to download new browsers:              ║
    ║                                                                         ║
    ║     npx playwright install                                              ║
    ║                                                                         ║
    ║ <3 Playwright Team                                                      ║
    ╚═════════════════════════════════════════════════════════════════════════╝
]]>
</failure>
</testcase>
<testcase name="SETTLE Service › User sees upgrade prompt when not subscribed to SETTLE" classname="service-specific-tests.spec.ts" time="0.057">
<failure message="service-specific-tests.spec.ts:102:7 User sees upgrade prompt when not subscribed to SETTLE" type="FAILURE">
<![CDATA[  [Mobile Safari] › service-specific-tests.spec.ts:102:7 › SETTLE Service › User sees upgrade prompt when not subscribed to SETTLE 

    Error: browserType.launch: Executable doesn't exist at C:\Users\yasha\AppData\Local\ms-playwright\webkit-2227\Playwright.exe
    ╔═════════════════════════════════════════════════════════════════════════╗
    ║ Looks like Playwright Test or Playwright was just installed or updated. ║
    ║ Please run the following command to download new browsers:              ║
    ║                                                                         ║
    ║     npx playwright install                                              ║
    ║                                                                         ║
    ║ <3 Playwright Team                                                      ║
    ╚═════════════════════════════════════════════════════════════════════════╝
]]>
</failure>
</testcase>
<testcase name="CONNECT Service › User can view referrals list" classname="service-specific-tests.spec.ts" time="0.067">
<failure message="service-specific-tests.spec.ts:116:7 User can view referrals list" type="FAILURE">
<![CDATA[  [Mobile Safari] › service-specific-tests.spec.ts:116:7 › CONNECT Service › User can view referrals list 

    Error: browserType.launch: Executable doesn't exist at C:\Users\yasha\AppData\Local\ms-playwright\webkit-2227\Playwright.exe
    ╔═════════════════════════════════════════════════════════════════════════╗
    ║ Looks like Playwright Test or Playwright was just installed or updated. ║
    ║ Please run the following command to download new browsers:              ║
    ║                                                                         ║
    ║     npx playwright install                                              ║
    ║                                                                         ║
    ║ <3 Playwright Team                                                      ║
    ╚═════════════════════════════════════════════════════════════════════════╝
]]>
</failure>
</testcase>
<testcase name="CONNECT Service › User can create new referral" classname="service-specific-tests.spec.ts" time="0.044">
<failure message="service-specific-tests.spec.ts:125:7 User can create new referral" type="FAILURE">
<![CDATA[  [Mobile Safari] › service-specific-tests.spec.ts:125:7 › CONNECT Service › User can create new referral 

    Error: browserType.launch: Executable doesn't exist at C:\Users\yasha\AppData\Local\ms-playwright\webkit-2227\Playwright.exe
    ╔═════════════════════════════════════════════════════════════════════════╗
    ║ Looks like Playwright Test or Playwright was just installed or updated. ║
    ║ Please run the following command to download new browsers:              ║
    ║                                                                         ║
    ║     npx playwright install                                              ║
    ║                                                                         ║
    ║ <3 Playwright Team                                                      ║
    ╚═════════════════════════════════════════════════════════════════════════╝
]]>
</failure>
</testcase>
<testcase name="CONNECT Service › User can view payouts" classname="service-specific-tests.spec.ts" time="0.053">
<failure message="service-specific-tests.spec.ts:144:7 User can view payouts" type="FAILURE">
<![CDATA[  [Mobile Safari] › service-specific-tests.spec.ts:144:7 › CONNECT Service › User can view payouts ─

    Error: browserType.launch: Executable doesn't exist at C:\Users\yasha\AppData\Local\ms-playwright\webkit-2227\Playwright.exe
    ╔═════════════════════════════════════════════════════════════════════════╗
    ║ Looks like Playwright Test or Playwright was just installed or updated. ║
    ║ Please run the following command to download new browsers:              ║
    ║                                                                         ║
    ║     npx playwright install                                              ║
    ║                                                                         ║
    ║ <3 Playwright Team                                                      ║
    ╚═════════════════════════════════════════════════════════════════════════╝
]]>
</failure>
</testcase>
<testcase name="CONNECT Service › User sees upgrade prompt when not subscribed to CONNECT" classname="service-specific-tests.spec.ts" time="0.049">
<failure message="service-specific-tests.spec.ts:156:7 User sees upgrade prompt when not subscribed to CONNECT" type="FAILURE">
<![CDATA[  [Mobile Safari] › service-specific-tests.spec.ts:156:7 › CONNECT Service › User sees upgrade prompt when not subscribed to CONNECT 

    Error: browserType.launch: Executable doesn't exist at C:\Users\yasha\AppData\Local\ms-playwright\webkit-2227\Playwright.exe
    ╔═════════════════════════════════════════════════════════════════════════╗
    ║ Looks like Playwright Test or Playwright was just installed or updated. ║
    ║ Please run the following command to download new browsers:              ║
    ║                                                                         ║
    ║     npx playwright install                                              ║
    ║                                                                         ║
    ║ <3 Playwright Team                                                      ║
    ╚═════════════════════════════════════════════════════════════════════════╝
]]>
</failure>
</testcase>
<testcase name="VERIFY Service › User can access VERIFY dashboard" classname="service-specific-tests.spec.ts" time="0.056">
<failure message="service-specific-tests.spec.ts:169:7 User can access VERIFY dashboard" type="FAILURE">
<![CDATA[  [Mobile Safari] › service-specific-tests.spec.ts:169:7 › VERIFY Service › User can access VERIFY dashboard 

    Error: browserType.launch: Executable doesn't exist at C:\Users\yasha\AppData\Local\ms-playwright\webkit-2227\Playwright.exe
    ╔═════════════════════════════════════════════════════════════════════════╗
    ║ Looks like Playwright Test or Playwright was just installed or updated. ║
    ║ Please run the following command to download new browsers:              ║
    ║                                                                         ║
    ║     npx playwright install                                              ║
    ║                                                                         ║
    ║ <3 Playwright Team                                                      ║
    ╚═════════════════════════════════════════════════════════════════════════╝
]]>
</failure>
</testcase>
<testcase name="VERIFY Service › User sees upgrade prompt when not subscribed to VERIFY" classname="service-specific-tests.spec.ts" time="0.043">
<failure message="service-specific-tests.spec.ts:179:7 User sees upgrade prompt when not subscribed to VERIFY" type="FAILURE">
<![CDATA[  [Mobile Safari] › service-specific-tests.spec.ts:179:7 › VERIFY Service › User sees upgrade prompt when not subscribed to VERIFY 

    Error: browserType.launch: Executable doesn't exist at C:\Users\yasha\AppData\Local\ms-playwright\webkit-2227\Playwright.exe
    ╔═════════════════════════════════════════════════════════════════════════╗
    ║ Looks like Playwright Test or Playwright was just installed or updated. ║
    ║ Please run the following command to download new browsers:              ║
    ║                                                                         ║
    ║     npx playwright install                                              ║
    ║                                                                         ║
    ║ <3 Playwright Team                                                      ║
    ╚═════════════════════════════════════════════════════════════════════════╝
]]>
</failure>
</testcase>
<testcase name="INTAKE Service › User can access INTAKE dashboard" classname="service-specific-tests.spec.ts" time="0.21">
<failure message="service-specific-tests.spec.ts:193:7 User can access INTAKE dashboard" type="FAILURE">
<![CDATA[  [Mobile Safari] › service-specific-tests.spec.ts:193:7 › INTAKE Service › User can access INTAKE dashboard 

    Error: browserType.launch: Executable doesn't exist at C:\Users\yasha\AppData\Local\ms-playwright\webkit-2227\Playwright.exe
    ╔═════════════════════════════════════════════════════════════════════════╗
    ║ Looks like Playwright Test or Playwright was just installed or updated. ║
    ║ Please run the following command to download new browsers:              ║
    ║                                                                         ║
    ║     npx playwright install                                              ║
    ║                                                                         ║
    ║ <3 Playwright Team                                                      ║
    ╚═════════════════════════════════════════════════════════════════════════╝
]]>
</failure>
</testcase>
<testcase name="INTAKE Service › User sees upgrade prompt when not subscribed to INTAKE" classname="service-specific-tests.spec.ts" time="0.049">
<failure message="service-specific-tests.spec.ts:201:7 User sees upgrade prompt when not subscribed to INTAKE" type="FAILURE">
<![CDATA[  [Mobile Safari] › service-specific-tests.spec.ts:201:7 › INTAKE Service › User sees upgrade prompt when not subscribed to INTAKE 

    Error: browserType.launch: Executable doesn't exist at C:\Users\yasha\AppData\Local\ms-playwright\webkit-2227\Playwright.exe
    ╔═════════════════════════════════════════════════════════════════════════╗
    ║ Looks like Playwright Test or Playwright was just installed or updated. ║
    ║ Please run the following command to download new browsers:              ║
    ║                                                                         ║
    ║     npx playwright install                                              ║
    ║                                                                         ║
    ║ <3 Playwright Team                                                      ║
    ╚═════════════════════════════════════════════════════════════════════════╝
]]>
</failure>
</testcase>
<testcase name="DRAFT Service › User can access DRAFT dashboard" classname="service-specific-tests.spec.ts" time="0.444">
<failure message="service-specific-tests.spec.ts:214:7 User can access DRAFT dashboard" type="FAILURE">
<![CDATA[  [Mobile Safari] › service-specific-tests.spec.ts:214:7 › DRAFT Service › User can access DRAFT dashboard 

    Error: browserType.launch: Executable doesn't exist at C:\Users\yasha\AppData\Local\ms-playwright\webkit-2227\Playwright.exe
    ╔═════════════════════════════════════════════════════════════════════════╗
    ║ Looks like Playwright Test or Playwright was just installed or updated. ║
    ║ Please run the following command to download new browsers:              ║
    ║                                                                         ║
    ║     npx playwright install                                              ║
    ║                                                                         ║
    ║ <3 Playwright Team                                                      ║
    ╚═════════════════════════════════════════════════════════════════════════╝
]]>
</failure>
</testcase>
<testcase name="DRAFT Service › User sees upgrade prompt when not subscribed to DRAFT" classname="service-specific-tests.spec.ts" time="0.051">
<failure message="service-specific-tests.spec.ts:222:7 User sees upgrade prompt when not subscribed to DRAFT" type="FAILURE">
<![CDATA[  [Mobile Safari] › service-specific-tests.spec.ts:222:7 › DRAFT Service › User sees upgrade prompt when not subscribed to DRAFT 

    Error: browserType.launch: Executable doesn't exist at C:\Users\yasha\AppData\Local\ms-playwright\webkit-2227\Playwright.exe
    ╔═════════════════════════════════════════════════════════════════════════╗
    ║ Looks like Playwright Test or Playwright was just installed or updated. ║
    ║ Please run the following command to download new browsers:              ║
    ║                                                                         ║
    ║     npx playwright install                                              ║
    ║                                                                         ║
    ║ <3 Playwright Team                                                      ║
    ╚═════════════════════════════════════════════════════════════════════════╝
]]>
</failure>
</testcase>
<testcase name="Cross-Service Integration › User can navigate between all subscribed services" classname="service-specific-tests.spec.ts" time="0.058">
<failure message="service-specific-tests.spec.ts:235:7 User can navigate between all subscribed services" type="FAILURE">
<![CDATA[  [Mobile Safari] › service-specific-tests.spec.ts:235:7 › Cross-Service Integration › User can navigate between all subscribed services 

    Error: browserType.launch: Executable doesn't exist at C:\Users\yasha\AppData\Local\ms-playwright\webkit-2227\Playwright.exe
    ╔═════════════════════════════════════════════════════════════════════════╗
    ║ Looks like Playwright Test or Playwright was just installed or updated. ║
    ║ Please run the following command to download new browsers:              ║
    ║                                                                         ║
    ║     npx playwright install                                              ║
    ║                                                                         ║
    ║ <3 Playwright Team                                                      ║
    ╚═════════════════════════════════════════════════════════════════════════╝
]]>
</failure>
</testcase>
<testcase name="Cross-Service Integration › User subscription changes reflect immediately in UI" classname="service-specific-tests.spec.ts" time="0.09">
<failure message="service-specific-tests.spec.ts:255:7 User subscription changes reflect immediately in UI" type="FAILURE">
<![CDATA[  [Mobile Safari] › service-specific-tests.spec.ts:255:7 › Cross-Service Integration › User subscription changes reflect immediately in UI 

    Error: browserType.launch: Executable doesn't exist at C:\Users\yasha\AppData\Local\ms-playwright\webkit-2227\Playwright.exe
    ╔═════════════════════════════════════════════════════════════════════════╗
    ║ Looks like Playwright Test or Playwright was just installed or updated. ║
    ║ Please run the following command to download new browsers:              ║
    ║                                                                         ║
    ║     npx playwright install                                              ║
    ║                                                                         ║
    ║ <3 Playwright Team                                                      ║
    ╚═════════════════════════════════════════════════════════════════════════╝
]]>
</failure>
</testcase>
</testsuite>
</testsuites>